This file contains any messages produced by compilers while
running configure, to aid debugging if configure makes a mistake.

It was created by pinentry configure 0.8.3, which was
generated by GNU Autoconf 2.69.  Invocation command line was

  $ ./configure 

## --------- ##
## Platform. ##
## --------- ##

hostname = server.the-david.com
uname -m = x86_64
uname -r = 13.2.0
uname -s = Darwin
uname -v = Darwin Kernel Version 13.2.0: Thu Apr 17 23:03:13 PDT 2014; root:xnu-2422.100.13~1/RELEASE_X86_64

/usr/bin/uname -p = i386
/bin/uname -X     = unknown

/bin/arch              = unknown
/usr/bin/arch -k       = unknown
/usr/convex/getsysinfo = unknown
/usr/bin/hostinfo      = Mach kernel version:
	 Darwin Kernel Version 13.2.0: Thu Apr 17 23:03:13 PDT 2014; root:xnu-2422.100.13~1/RELEASE_X86_64
Kernel configured for up to 4 processors.
4 processors are physically available.
4 processors are logically available.
Processor type: i486 (Intel 80486)
Processors active: 0 1 2 3
Primary memory available: 16.00 gigabytes
Default processor set: 256 tasks, 1339 threads, 4 processors
Load average: 1.68, Mach factor: 2.38
/bin/machine           = unknown
/usr/bin/oslevel       = unknown
/bin/universe          = unknown

PATH: /usr/local/bin
PATH: /usr/local/sbin
PATH: /usr/bin
PATH: /bin
PATH: /usr/sbin
PATH: /sbin
PATH: /usr/local/bin
PATH: /opt/X11/bin


## ----------- ##
## Core tests. ##
## ----------- ##

configure:2492: checking for a BSD-compatible install
configure:2560: result: /usr/local/bin/ginstall -c
configure:2571: checking whether build environment is sane
configure:2621: result: yes
configure:2762: checking for a thread-safe mkdir -p
configure:2801: result: /usr/local/bin/gmkdir -p
configure:2814: checking for gawk
configure:2830: found /usr/local/bin/gawk
configure:2841: result: gawk
configure:2852: checking whether make sets $(MAKE)
configure:2874: result: yes
configure:2967: checking for style of include used by make
configure:2995: result: GNU
configure:3066: checking for gcc
configure:3082: found /usr/bin/gcc
configure:3093: result: gcc
configure:3322: checking for C compiler version
configure:3331: gcc --version >&5
Apple LLVM version 5.1 (clang-503.0.40) (based on LLVM 3.4svn)
Target: x86_64-apple-darwin13.2.0
Thread model: posix
Configured with: --prefix=/Applications/Xcode.app/Contents/Developer/usr --with-gxx-include-dir=/usr/include/c++/4.2.1
configure:3342: $? = 0
configure:3331: gcc -v >&5
Configured with: --prefix=/Applications/Xcode.app/Contents/Developer/usr --with-gxx-include-dir=/usr/include/c++/4.2.1
Apple LLVM version 5.1 (clang-503.0.40) (based on LLVM 3.4svn)
Target: x86_64-apple-darwin13.2.0
Thread model: posix
configure:3342: $? = 0
configure:3331: gcc -V >&5
clang: error: argument to '-V' is missing (expected 1 value)
clang: error: no input files
configure:3342: $? = 1
configure:3331: gcc -qversion >&5
clang: error: unknown argument: '-qversion' [-Wunused-command-line-argument-hard-error-in-future]
clang: note: this will be a hard error (cannot be downgraded to a warning) in the future
clang: error: no input files
configure:3342: $? = 1
configure:3362: checking whether the C compiler works
configure:3384: gcc    conftest.c  >&5
configure:3388: $? = 0
configure:3436: result: yes
configure:3439: checking for C compiler default output file name
configure:3441: result: a.out
configure:3447: checking for suffix of executables
configure:3454: gcc -o conftest    conftest.c  >&5
configure:3458: $? = 0
configure:3480: result: 
configure:3502: checking whether we are cross compiling
configure:3510: gcc -o conftest    conftest.c  >&5
configure:3514: $? = 0
configure:3521: ./conftest
configure:3525: $? = 0
configure:3540: result: no
configure:3545: checking for suffix of object files
configure:3567: gcc -c   conftest.c >&5
configure:3571: $? = 0
configure:3592: result: o
configure:3596: checking whether we are using the GNU C compiler
configure:3615: gcc -c   conftest.c >&5
configure:3615: $? = 0
configure:3624: result: yes
configure:3633: checking whether gcc accepts -g
configure:3653: gcc -c -g  conftest.c >&5
configure:3653: $? = 0
configure:3694: result: yes
configure:3711: checking for gcc option to accept ISO C89
configure:3774: gcc  -c -g -O2  conftest.c >&5
configure:3774: $? = 0
configure:3787: result: none needed
configure:3809: checking dependency style of gcc
configure:3920: result: gcc3
configure:3941: checking how to run the C preprocessor
configure:3972: gcc -E  conftest.c
configure:3972: $? = 0
configure:3986: gcc -E  conftest.c
conftest.c:11:10: fatal error: 'ac_nonexistent.h' file not found
#include <ac_nonexistent.h>
         ^
1 error generated.
configure:3986: $? = 1
configure: failed program was:
| /* confdefs.h */
| #define PACKAGE_NAME "pinentry"
| #define PACKAGE_TARNAME "pinentry"
| #define PACKAGE_VERSION "0.8.3"
| #define PACKAGE_STRING "pinentry 0.8.3"
| #define PACKAGE_BUGREPORT "http://bugs.gnupg.org"
| #define PACKAGE_URL ""
| #define PACKAGE "pinentry"
| #define VERSION "0.8.3"
| /* end confdefs.h.  */
| #include <ac_nonexistent.h>
configure:4011: result: gcc -E
configure:4031: gcc -E  conftest.c
configure:4031: $? = 0
configure:4045: gcc -E  conftest.c
conftest.c:11:10: fatal error: 'ac_nonexistent.h' file not found
#include <ac_nonexistent.h>
         ^
1 error generated.
configure:4045: $? = 1
configure: failed program was:
| /* confdefs.h */
| #define PACKAGE_NAME "pinentry"
| #define PACKAGE_TARNAME "pinentry"
| #define PACKAGE_VERSION "0.8.3"
| #define PACKAGE_STRING "pinentry 0.8.3"
| #define PACKAGE_BUGREPORT "http://bugs.gnupg.org"
| #define PACKAGE_URL ""
| #define PACKAGE "pinentry"
| #define VERSION "0.8.3"
| /* end confdefs.h.  */
| #include <ac_nonexistent.h>
configure:4074: checking for grep that handles long lines and -e
configure:4132: result: /usr/local/bin/ggrep
configure:4137: checking for egrep
configure:4199: result: /usr/local/bin/ggrep -E
configure:4204: checking for ANSI C header files
configure:4224: gcc -c -g -O2  conftest.c >&5
configure:4224: $? = 0
configure:4297: gcc -o conftest -g -O2   conftest.c  >&5
configure:4297: $? = 0
configure:4297: ./conftest
configure:4297: $? = 0
configure:4308: result: yes
configure:4321: checking for sys/types.h
configure:4321: gcc -c -g -O2  conftest.c >&5
configure:4321: $? = 0
configure:4321: result: yes
configure:4321: checking for sys/stat.h
configure:4321: gcc -c -g -O2  conftest.c >&5
configure:4321: $? = 0
configure:4321: result: yes
configure:4321: checking for stdlib.h
configure:4321: gcc -c -g -O2  conftest.c >&5
configure:4321: $? = 0
configure:4321: result: yes
configure:4321: checking for string.h
configure:4321: gcc -c -g -O2  conftest.c >&5
configure:4321: $? = 0
configure:4321: result: yes
configure:4321: checking for memory.h
configure:4321: gcc -c -g -O2  conftest.c >&5
configure:4321: $? = 0
configure:4321: result: yes
configure:4321: checking for strings.h
configure:4321: gcc -c -g -O2  conftest.c >&5
configure:4321: $? = 0
configure:4321: result: yes
configure:4321: checking for inttypes.h
configure:4321: gcc -c -g -O2  conftest.c >&5
configure:4321: $? = 0
configure:4321: result: yes
configure:4321: checking for stdint.h
configure:4321: gcc -c -g -O2  conftest.c >&5
configure:4321: $? = 0
configure:4321: result: yes
configure:4321: checking for unistd.h
configure:4321: gcc -c -g -O2  conftest.c >&5
configure:4321: $? = 0
configure:4321: result: yes
configure:4334: checking minix/config.h usability
configure:4334: gcc -c -g -O2  conftest.c >&5
conftest.c:54:10: fatal error: 'minix/config.h' file not found
#include <minix/config.h>
         ^
1 error generated.
configure:4334: $? = 1
configure: failed program was:
| /* confdefs.h */
| #define PACKAGE_NAME "pinentry"
| #define PACKAGE_TARNAME "pinentry"
| #define PACKAGE_VERSION "0.8.3"
| #define PACKAGE_STRING "pinentry 0.8.3"
| #define PACKAGE_BUGREPORT "http://bugs.gnupg.org"
| #define PACKAGE_URL ""
| #define PACKAGE "pinentry"
| #define VERSION "0.8.3"
| #define STDC_HEADERS 1
| #define HAVE_SYS_TYPES_H 1
| #define HAVE_SYS_STAT_H 1
| #define HAVE_STDLIB_H 1
| #define HAVE_STRING_H 1
| #define HAVE_MEMORY_H 1
| #define HAVE_STRINGS_H 1
| #define HAVE_INTTYPES_H 1
| #define HAVE_STDINT_H 1
| #define HAVE_UNISTD_H 1
| /* end confdefs.h.  */
| #include <stdio.h>
| #ifdef HAVE_SYS_TYPES_H
| # include <sys/types.h>
| #endif
| #ifdef HAVE_SYS_STAT_H
| # include <sys/stat.h>
| #endif
| #ifdef STDC_HEADERS
| # include <stdlib.h>
| # include <stddef.h>
| #else
| # ifdef HAVE_STDLIB_H
| #  include <stdlib.h>
| # endif
| #endif
| #ifdef HAVE_STRING_H
| # if !defined STDC_HEADERS && defined HAVE_MEMORY_H
| #  include <memory.h>
| # endif
| # include <string.h>
| #endif
| #ifdef HAVE_STRINGS_H
| # include <strings.h>
| #endif
| #ifdef HAVE_INTTYPES_H
| # include <inttypes.h>
| #endif
| #ifdef HAVE_STDINT_H
| # include <stdint.h>
| #endif
| #ifdef HAVE_UNISTD_H
| # include <unistd.h>
| #endif
| #include <minix/config.h>
configure:4334: result: no
configure:4334: checking minix/config.h presence
configure:4334: gcc -E  conftest.c
conftest.c:21:10: fatal error: 'minix/config.h' file not found
#include <minix/config.h>
         ^
1 error generated.
configure:4334: $? = 1
configure: failed program was:
| /* confdefs.h */
| #define PACKAGE_NAME "pinentry"
| #define PACKAGE_TARNAME "pinentry"
| #define PACKAGE_VERSION "0.8.3"
| #define PACKAGE_STRING "pinentry 0.8.3"
| #define PACKAGE_BUGREPORT "http://bugs.gnupg.org"
| #define PACKAGE_URL ""
| #define PACKAGE "pinentry"
| #define VERSION "0.8.3"
| #define STDC_HEADERS 1
| #define HAVE_SYS_TYPES_H 1
| #define HAVE_SYS_STAT_H 1
| #define HAVE_STDLIB_H 1
| #define HAVE_STRING_H 1
| #define HAVE_MEMORY_H 1
| #define HAVE_STRINGS_H 1
| #define HAVE_INTTYPES_H 1
| #define HAVE_STDINT_H 1
| #define HAVE_UNISTD_H 1
| /* end confdefs.h.  */
| #include <minix/config.h>
configure:4334: result: no
configure:4334: checking for minix/config.h
configure:4334: result: no
configure:4355: checking whether it is safe to define __EXTENSIONS__
configure:4373: gcc -c -g -O2  conftest.c >&5
configure:4373: $? = 0
configure:4380: result: yes
configure:4397: checking whether to enable maintainer-specific portions of Makefiles
configure:4406: result: no
configure:4424: checking build system type
configure:4438: result: x86_64-apple-darwin13.2.0
configure:4458: checking host system type
configure:4471: result: x86_64-apple-darwin13.2.0
configure:4497: checking whether make sets $(MAKE)
configure:4519: result: yes
configure:4528: checking whether build environment is sane
configure:4578: result: yes
configure:4644: checking for gcc
configure:4671: result: gcc
configure:4900: checking for C compiler version
configure:4909: gcc --version >&5
Apple LLVM version 5.1 (clang-503.0.40) (based on LLVM 3.4svn)
Target: x86_64-apple-darwin13.2.0
Thread model: posix
Configured with: --prefix=/Applications/Xcode.app/Contents/Developer/usr --with-gxx-include-dir=/usr/include/c++/4.2.1
configure:4920: $? = 0
configure:4909: gcc -v >&5
Configured with: --prefix=/Applications/Xcode.app/Contents/Developer/usr --with-gxx-include-dir=/usr/include/c++/4.2.1
Apple LLVM version 5.1 (clang-503.0.40) (based on LLVM 3.4svn)
Target: x86_64-apple-darwin13.2.0
Thread model: posix
configure:4920: $? = 0
configure:4909: gcc -V >&5
clang: error: argument to '-V' is missing (expected 1 value)
clang: error: no input files
configure:4920: $? = 1
configure:4909: gcc -qversion >&5
clang: error: unknown argument: '-qversion' [-Wunused-command-line-argument-hard-error-in-future]
clang: note: this will be a hard error (cannot be downgraded to a warning) in the future
clang: error: no input files
configure:4920: $? = 1
configure:4924: checking whether we are using the GNU C compiler
configure:4952: result: yes
configure:4961: checking whether gcc accepts -g
configure:5022: result: yes
configure:5039: checking for gcc option to accept ISO C89
configure:5115: result: none needed
configure:5137: checking dependency style of gcc
configure:5248: result: gcc3
configure:5268: checking how to run the C preprocessor
configure:5338: result: gcc -E
configure:5358: gcc -E  conftest.c
configure:5358: $? = 0
configure:5372: gcc -E  conftest.c
conftest.c:26:10: fatal error: 'ac_nonexistent.h' file not found
#include <ac_nonexistent.h>
         ^
1 error generated.
configure:5372: $? = 1
configure: failed program was:
| /* confdefs.h */
| #define PACKAGE_NAME "pinentry"
| #define PACKAGE_TARNAME "pinentry"
| #define PACKAGE_VERSION "0.8.3"
| #define PACKAGE_STRING "pinentry 0.8.3"
| #define PACKAGE_BUGREPORT "http://bugs.gnupg.org"
| #define PACKAGE_URL ""
| #define PACKAGE "pinentry"
| #define VERSION "0.8.3"
| #define STDC_HEADERS 1
| #define HAVE_SYS_TYPES_H 1
| #define HAVE_SYS_STAT_H 1
| #define HAVE_STDLIB_H 1
| #define HAVE_STRING_H 1
| #define HAVE_MEMORY_H 1
| #define HAVE_STRINGS_H 1
| #define HAVE_INTTYPES_H 1
| #define HAVE_STDINT_H 1
| #define HAVE_UNISTD_H 1
| #define __EXTENSIONS__ 1
| #define _ALL_SOURCE 1
| #define _GNU_SOURCE 1
| #define _POSIX_PTHREAD_SEMANTICS 1
| #define _TANDEM_SOURCE 1
| /* end confdefs.h.  */
| #include <ac_nonexistent.h>
configure:5444: checking for ranlib
configure:5460: found /usr/bin/ranlib
configure:5471: result: ranlib
configure:5553: checking for g++
configure:5569: found /usr/bin/g++
configure:5580: result: g++
configure:5607: checking for C++ compiler version
configure:5616: g++ --version >&5
Apple LLVM version 5.1 (clang-503.0.40) (based on LLVM 3.4svn)
Target: x86_64-apple-darwin13.2.0
Thread model: posix
Configured with: --prefix=/Applications/Xcode.app/Contents/Developer/usr --with-gxx-include-dir=/usr/include/c++/4.2.1
configure:5627: $? = 0
configure:5616: g++ -v >&5
Configured with: --prefix=/Applications/Xcode.app/Contents/Developer/usr --with-gxx-include-dir=/usr/include/c++/4.2.1
Apple LLVM version 5.1 (clang-503.0.40) (based on LLVM 3.4svn)
Target: x86_64-apple-darwin13.2.0
Thread model: posix
configure:5627: $? = 0
configure:5616: g++ -V >&5
clang: error: argument to '-V' is missing (expected 1 value)
clang: error: no input files
configure:5627: $? = 1
configure:5616: g++ -qversion >&5
clang: error: unknown argument: '-qversion' [-Wunused-command-line-argument-hard-error-in-future]
clang: note: this will be a hard error (cannot be downgraded to a warning) in the future
clang: error: no input files
configure:5627: $? = 1
configure:5631: checking whether we are using the GNU C++ compiler
configure:5650: g++ -c   conftest.cpp >&5
configure:5650: $? = 0
configure:5659: result: yes
configure:5668: checking whether g++ accepts -g
configure:5688: g++ -c -g  conftest.cpp >&5
configure:5688: $? = 0
configure:5729: result: yes
configure:5754: checking dependency style of g++
configure:5865: result: gcc3
configure:5880: checking whether ln -s works
configure:5884: result: yes
configure:5934: checking for windres
configure:5964: result: no
configure:5987: checking for gitlog-to-changelog
configure:6017: result: no
configure:6112: checking if gcc supports -Wno-pointer-sign
configure:6127: gcc -c -Wno-pointer-sign  -Wall conftest.c >&5
configure:6127: $? = 0
configure:6133: result: yes
configure:6143: checking for ANSI C header files
configure:6247: result: yes
configure:6258: checking for string.h
configure:6258: result: yes
configure:6258: checking for unistd.h
configure:6258: result: yes
configure:6258: checking langinfo.h usability
configure:6258: gcc -c -g -O2 -Wall -Wcast-align -Wshadow -Wstrict-prototypes -Wno-pointer-sign  -Wall conftest.c >&5
configure:6258: $? = 0
configure:6258: result: yes
configure:6258: checking langinfo.h presence
configure:6258: gcc -E  -Wall conftest.c
configure:6258: $? = 0
configure:6258: result: yes
configure:6258: checking for langinfo.h
configure:6258: result: yes
configure:6258: checking termio.h usability
configure:6258: gcc -c -g -O2 -Wall -Wcast-align -Wshadow -Wstrict-prototypes -Wno-pointer-sign  -Wall conftest.c >&5
conftest.c:63:10: fatal error: 'termio.h' file not found
#include <termio.h>
         ^
1 error generated.
configure:6258: $? = 1
configure: failed program was:
| /* confdefs.h */
| #define PACKAGE_NAME "pinentry"
| #define PACKAGE_TARNAME "pinentry"
| #define PACKAGE_VERSION "0.8.3"
| #define PACKAGE_STRING "pinentry 0.8.3"
| #define PACKAGE_BUGREPORT "http://bugs.gnupg.org"
| #define PACKAGE_URL ""
| #define PACKAGE "pinentry"
| #define VERSION "0.8.3"
| #define STDC_HEADERS 1
| #define HAVE_SYS_TYPES_H 1
| #define HAVE_SYS_STAT_H 1
| #define HAVE_STDLIB_H 1
| #define HAVE_STRING_H 1
| #define HAVE_MEMORY_H 1
| #define HAVE_STRINGS_H 1
| #define HAVE_INTTYPES_H 1
| #define HAVE_STDINT_H 1
| #define HAVE_UNISTD_H 1
| #define __EXTENSIONS__ 1
| #define _ALL_SOURCE 1
| #define _GNU_SOURCE 1
| #define _POSIX_PTHREAD_SEMANTICS 1
| #define _TANDEM_SOURCE 1
| #define STDC_HEADERS 1
| #define HAVE_STRING_H 1
| #define HAVE_UNISTD_H 1
| #define HAVE_LANGINFO_H 1
| /* end confdefs.h.  */
| #include <stdio.h>
| #ifdef HAVE_SYS_TYPES_H
| # include <sys/types.h>
| #endif
| #ifdef HAVE_SYS_STAT_H
| # include <sys/stat.h>
| #endif
| #ifdef STDC_HEADERS
| # include <stdlib.h>
| # include <stddef.h>
| #else
| # ifdef HAVE_STDLIB_H
| #  include <stdlib.h>
| # endif
| #endif
| #ifdef HAVE_STRING_H
| # if !defined STDC_HEADERS && defined HAVE_MEMORY_H
| #  include <memory.h>
| # endif
| # include <string.h>
| #endif
| #ifdef HAVE_STRINGS_H
| # include <strings.h>
| #endif
| #ifdef HAVE_INTTYPES_H
| # include <inttypes.h>
| #endif
| #ifdef HAVE_STDINT_H
| # include <stdint.h>
| #endif
| #ifdef HAVE_UNISTD_H
| # include <unistd.h>
| #endif
| #include <termio.h>
configure:6258: result: no
configure:6258: checking termio.h presence
configure:6258: gcc -E  -Wall conftest.c
conftest.c:30:10: fatal error: 'termio.h' file not found
#include <termio.h>
         ^
1 error generated.
configure:6258: $? = 1
configure: failed program was:
| /* confdefs.h */
| #define PACKAGE_NAME "pinentry"
| #define PACKAGE_TARNAME "pinentry"
| #define PACKAGE_VERSION "0.8.3"
| #define PACKAGE_STRING "pinentry 0.8.3"
| #define PACKAGE_BUGREPORT "http://bugs.gnupg.org"
| #define PACKAGE_URL ""
| #define PACKAGE "pinentry"
| #define VERSION "0.8.3"
| #define STDC_HEADERS 1
| #define HAVE_SYS_TYPES_H 1
| #define HAVE_SYS_STAT_H 1
| #define HAVE_STDLIB_H 1
| #define HAVE_STRING_H 1
| #define HAVE_MEMORY_H 1
| #define HAVE_STRINGS_H 1
| #define HAVE_INTTYPES_H 1
| #define HAVE_STDINT_H 1
| #define HAVE_UNISTD_H 1
| #define __EXTENSIONS__ 1
| #define _ALL_SOURCE 1
| #define _GNU_SOURCE 1
| #define _POSIX_PTHREAD_SEMANTICS 1
| #define _TANDEM_SOURCE 1
| #define STDC_HEADERS 1
| #define HAVE_STRING_H 1
| #define HAVE_UNISTD_H 1
| #define HAVE_LANGINFO_H 1
| /* end confdefs.h.  */
| #include <termio.h>
configure:6258: result: no
configure:6258: checking for termio.h
configure:6258: result: no
configure:6258: checking locale.h usability
configure:6258: gcc -c -g -O2 -Wall -Wcast-align -Wshadow -Wstrict-prototypes -Wno-pointer-sign  -Wall conftest.c >&5
configure:6258: $? = 0
configure:6258: result: yes
configure:6258: checking locale.h presence
configure:6258: gcc -E  -Wall conftest.c
configure:6258: $? = 0
configure:6258: result: yes
configure:6258: checking for locale.h
configure:6258: result: yes
configure:6258: checking utime.h usability
configure:6258: gcc -c -g -O2 -Wall -Wcast-align -Wshadow -Wstrict-prototypes -Wno-pointer-sign  -Wall conftest.c >&5
configure:6258: $? = 0
configure:6258: result: yes
configure:6258: checking utime.h presence
configure:6258: gcc -E  -Wall conftest.c
configure:6258: $? = 0
configure:6258: result: yes
configure:6258: checking for utime.h
configure:6258: result: yes
configure:6258: checking wchar.h usability
configure:6258: gcc -c -g -O2 -Wall -Wcast-align -Wshadow -Wstrict-prototypes -Wno-pointer-sign  -Wall conftest.c >&5
configure:6258: $? = 0
configure:6258: result: yes
configure:6258: checking wchar.h presence
configure:6258: gcc -E  -Wall conftest.c
configure:6258: $? = 0
configure:6258: result: yes
configure:6258: checking for wchar.h
configure:6258: result: yes
configure:6272: checking for seteuid
configure:6272: gcc -o conftest -g -O2 -Wall -Wcast-align -Wshadow -Wstrict-prototypes -Wno-pointer-sign  -Wall  conftest.c  >&5
configure:6272: $? = 0
configure:6272: result: yes
configure:6272: checking for stpcpy
configure:6272: gcc -o conftest -g -O2 -Wall -Wcast-align -Wshadow -Wstrict-prototypes -Wno-pointer-sign  -Wall  conftest.c  >&5
conftest.c:57:6: warning: incompatible redeclaration of library function 'stpcpy' [-Wincompatible-library-redeclaration]
char stpcpy ();
     ^
conftest.c:57:6: note: 'stpcpy' is a builtin with type 'char *(char *, const char *)'
1 warning generated.
configure:6272: $? = 0
configure:6272: result: yes
configure:6272: checking for mmap
configure:6272: gcc -o conftest -g -O2 -Wall -Wcast-align -Wshadow -Wstrict-prototypes -Wno-pointer-sign  -Wall  conftest.c  >&5
configure:6272: $? = 0
configure:6272: result: yes
configure:6283: checking for mlock
configure:6283: gcc -o conftest -g -O2 -Wall -Wcast-align -Wshadow -Wstrict-prototypes -Wno-pointer-sign  -Wall  conftest.c  >&5
configure:6283: $? = 0
configure:6283: result: yes
configure:6404: checking whether mlock is broken
configure:6443: gcc -o conftest -g -O2 -Wall -Wcast-align -Wshadow -Wstrict-prototypes -Wno-pointer-sign  -Wall  conftest.c  >&5
configure:6443: $? = 0
configure:6443: ./conftest
configure:6443: $? = 0
configure:6474: result: no
configure:6486: checking for byte typedef
configure:6507: gcc -c -g -O2 -Wall -Wcast-align -Wshadow -Wstrict-prototypes -Wno-pointer-sign  -Wall conftest.c >&5
conftest.c:45:20: error: use of undeclared identifier 'byte'
    int a = sizeof(byte);
                   ^
1 error generated.
configure:6507: $? = 1
configure: failed program was:
| /* confdefs.h */
| #define PACKAGE_NAME "pinentry"
| #define PACKAGE_TARNAME "pinentry"
| #define PACKAGE_VERSION "0.8.3"
| #define PACKAGE_STRING "pinentry 0.8.3"
| #define PACKAGE_BUGREPORT "http://bugs.gnupg.org"
| #define PACKAGE_URL ""
| #define PACKAGE "pinentry"
| #define VERSION "0.8.3"
| #define STDC_HEADERS 1
| #define HAVE_SYS_TYPES_H 1
| #define HAVE_SYS_STAT_H 1
| #define HAVE_STDLIB_H 1
| #define HAVE_STRING_H 1
| #define HAVE_MEMORY_H 1
| #define HAVE_STRINGS_H 1
| #define HAVE_INTTYPES_H 1
| #define HAVE_STDINT_H 1
| #define HAVE_UNISTD_H 1
| #define __EXTENSIONS__ 1
| #define _ALL_SOURCE 1
| #define _GNU_SOURCE 1
| #define _POSIX_PTHREAD_SEMANTICS 1
| #define _TANDEM_SOURCE 1
| #define STDC_HEADERS 1
| #define HAVE_STRING_H 1
| #define HAVE_UNISTD_H 1
| #define HAVE_LANGINFO_H 1
| #define HAVE_LOCALE_H 1
| #define HAVE_UTIME_H 1
| #define HAVE_WCHAR_H 1
| #define HAVE_SETEUID 1
| #define HAVE_STPCPY 1
| #define HAVE_MMAP 1
| #define HAVE_MLOCK 1
| /* end confdefs.h.  */
| #define _GNU_SOURCE 1
|     #include <stdlib.h>
|     #include <sys/types.h>
| int
| main ()
| {
| 
|     #undef byte
|     int a = sizeof(byte);
| 
|   ;
|   return 0;
| }
configure:6515: result: no
configure:6523: checking for ulong typedef
configure:6544: gcc -c -g -O2 -Wall -Wcast-align -Wshadow -Wstrict-prototypes -Wno-pointer-sign  -Wall conftest.c >&5
conftest.c:45:20: error: use of undeclared identifier 'ulong'
    int a = sizeof(ulong);
                   ^
1 error generated.
configure:6544: $? = 1
configure: failed program was:
| /* confdefs.h */
| #define PACKAGE_NAME "pinentry"
| #define PACKAGE_TARNAME "pinentry"
| #define PACKAGE_VERSION "0.8.3"
| #define PACKAGE_STRING "pinentry 0.8.3"
| #define PACKAGE_BUGREPORT "http://bugs.gnupg.org"
| #define PACKAGE_URL ""
| #define PACKAGE "pinentry"
| #define VERSION "0.8.3"
| #define STDC_HEADERS 1
| #define HAVE_SYS_TYPES_H 1
| #define HAVE_SYS_STAT_H 1
| #define HAVE_STDLIB_H 1
| #define HAVE_STRING_H 1
| #define HAVE_MEMORY_H 1
| #define HAVE_STRINGS_H 1
| #define HAVE_INTTYPES_H 1
| #define HAVE_STDINT_H 1
| #define HAVE_UNISTD_H 1
| #define __EXTENSIONS__ 1
| #define _ALL_SOURCE 1
| #define _GNU_SOURCE 1
| #define _POSIX_PTHREAD_SEMANTICS 1
| #define _TANDEM_SOURCE 1
| #define STDC_HEADERS 1
| #define HAVE_STRING_H 1
| #define HAVE_UNISTD_H 1
| #define HAVE_LANGINFO_H 1
| #define HAVE_LOCALE_H 1
| #define HAVE_UTIME_H 1
| #define HAVE_WCHAR_H 1
| #define HAVE_SETEUID 1
| #define HAVE_STPCPY 1
| #define HAVE_MMAP 1
| #define HAVE_MLOCK 1
| /* end confdefs.h.  */
| #define _GNU_SOURCE 1
|     #include <stdlib.h>
|     #include <sys/types.h>
| int
| main ()
| {
| 
|     #undef ulong
|     int a = sizeof(ulong);
| 
|   ;
|   return 0;
| }
configure:6552: result: no
configure:6571: checking for setcap
configure:6603: result: :
configure:6611: checking for cap_set_proc in -lcap
configure:6636: gcc -o conftest -g -O2 -Wall -Wcast-align -Wshadow -Wstrict-prototypes -Wno-pointer-sign  -Wall  conftest.c -lcap   >&5
ld: library not found for -lcap
clang: error: linker command failed with exit code 1 (use -v to see invocation)
configure:6636: $? = 1
configure: failed program was:
| /* confdefs.h */
| #define PACKAGE_NAME "pinentry"
| #define PACKAGE_TARNAME "pinentry"
| #define PACKAGE_VERSION "0.8.3"
| #define PACKAGE_STRING "pinentry 0.8.3"
| #define PACKAGE_BUGREPORT "http://bugs.gnupg.org"
| #define PACKAGE_URL ""
| #define PACKAGE "pinentry"
| #define VERSION "0.8.3"
| #define STDC_HEADERS 1
| #define HAVE_SYS_TYPES_H 1
| #define HAVE_SYS_STAT_H 1
| #define HAVE_STDLIB_H 1
| #define HAVE_STRING_H 1
| #define HAVE_MEMORY_H 1
| #define HAVE_STRINGS_H 1
| #define HAVE_INTTYPES_H 1
| #define HAVE_STDINT_H 1
| #define HAVE_UNISTD_H 1
| #define __EXTENSIONS__ 1
| #define _ALL_SOURCE 1
| #define _GNU_SOURCE 1
| #define _POSIX_PTHREAD_SEMANTICS 1
| #define _TANDEM_SOURCE 1
| #define STDC_HEADERS 1
| #define HAVE_STRING_H 1
| #define HAVE_UNISTD_H 1
| #define HAVE_LANGINFO_H 1
| #define HAVE_LOCALE_H 1
| #define HAVE_UTIME_H 1
| #define HAVE_WCHAR_H 1
| #define HAVE_SETEUID 1
| #define HAVE_STPCPY 1
| #define HAVE_MMAP 1
| #define HAVE_MLOCK 1
| /* end confdefs.h.  */
| 
| /* Override any GCC internal prototype to avoid an error.
|    Use char because int might match the return type of a GCC
|    builtin and then its argument prototype would still apply.  */
| #ifdef __cplusplus
| extern "C"
| #endif
| char cap_set_proc ();
| int
| main ()
| {
| return cap_set_proc ();
|   ;
|   return 0;
| }
configure:6645: result: no
configure:6684: checking for initscr in -lncursesw
configure:6709: gcc -o conftest -g -O2 -Wall -Wcast-align -Wshadow -Wstrict-prototypes -Wno-pointer-sign  -Wall  conftest.c -lncursesw   >&5
ld: library not found for -lncursesw
clang: error: linker command failed with exit code 1 (use -v to see invocation)
configure:6709: $? = 1
configure: failed program was:
| /* confdefs.h */
| #define PACKAGE_NAME "pinentry"
| #define PACKAGE_TARNAME "pinentry"
| #define PACKAGE_VERSION "0.8.3"
| #define PACKAGE_STRING "pinentry 0.8.3"
| #define PACKAGE_BUGREPORT "http://bugs.gnupg.org"
| #define PACKAGE_URL ""
| #define PACKAGE "pinentry"
| #define VERSION "0.8.3"
| #define STDC_HEADERS 1
| #define HAVE_SYS_TYPES_H 1
| #define HAVE_SYS_STAT_H 1
| #define HAVE_STDLIB_H 1
| #define HAVE_STRING_H 1
| #define HAVE_MEMORY_H 1
| #define HAVE_STRINGS_H 1
| #define HAVE_INTTYPES_H 1
| #define HAVE_STDINT_H 1
| #define HAVE_UNISTD_H 1
| #define __EXTENSIONS__ 1
| #define _ALL_SOURCE 1
| #define _GNU_SOURCE 1
| #define _POSIX_PTHREAD_SEMANTICS 1
| #define _TANDEM_SOURCE 1
| #define STDC_HEADERS 1
| #define HAVE_STRING_H 1
| #define HAVE_UNISTD_H 1
| #define HAVE_LANGINFO_H 1
| #define HAVE_LOCALE_H 1
| #define HAVE_UTIME_H 1
| #define HAVE_WCHAR_H 1
| #define HAVE_SETEUID 1
| #define HAVE_STPCPY 1
| #define HAVE_MMAP 1
| #define HAVE_MLOCK 1
| /* end confdefs.h.  */
| 
| /* Override any GCC internal prototype to avoid an error.
|    Use char because int might match the return type of a GCC
|    builtin and then its argument prototype would still apply.  */
| #ifdef __cplusplus
| extern "C"
| #endif
| char initscr ();
| int
| main ()
| {
| return initscr ();
|   ;
|   return 0;
| }
configure:6718: result: no
configure:6723: checking for initscr in -lncurses
configure:6748: gcc -o conftest -g -O2 -Wall -Wcast-align -Wshadow -Wstrict-prototypes -Wno-pointer-sign  -Wall  conftest.c -lncurses   >&5
configure:6748: $? = 0
configure:6757: result: yes
configure:6791: checking for ncurses include dir
configure:6810: result: none
configure:7155: checking for glib-config
configure:7186: result: no
configure:7195: checking for GLIB - version >= 1.2.0
configure:7312: result: no
configure:7728: checking for ld used by GCC
configure:7792: result: /Applications/Xcode.app/Contents/Developer/Toolchains/XcodeDefault.xctoolchain/usr/bin/ld
configure:7799: checking if the linker (/Applications/Xcode.app/Contents/Developer/Toolchains/XcodeDefault.xctoolchain/usr/bin/ld) is GNU ld
configure:7812: result: no
configure:7819: checking for shared library run path origin
configure:7832: result: done
configure:8410: checking for iconv
configure:8432: gcc -o conftest -g -O2 -Wall -Wcast-align -Wshadow -Wstrict-prototypes -Wno-pointer-sign  -Wall  conftest.c  >&5
Undefined symbols for architecture x86_64:
  "_iconv", referenced from:
      _main in conftest-932980.o
  "_iconv_close", referenced from:
      _main in conftest-932980.o
  "_iconv_open", referenced from:
      _main in conftest-932980.o
ld: symbol(s) not found for architecture x86_64
clang: error: linker command failed with exit code 1 (use -v to see invocation)
configure:8432: $? = 1
configure: failed program was:
| /* confdefs.h */
| #define PACKAGE_NAME "pinentry"
| #define PACKAGE_TARNAME "pinentry"
| #define PACKAGE_VERSION "0.8.3"
| #define PACKAGE_STRING "pinentry 0.8.3"
| #define PACKAGE_BUGREPORT "http://bugs.gnupg.org"
| #define PACKAGE_URL ""
| #define PACKAGE "pinentry"
| #define VERSION "0.8.3"
| #define STDC_HEADERS 1
| #define HAVE_SYS_TYPES_H 1
| #define HAVE_SYS_STAT_H 1
| #define HAVE_STDLIB_H 1
| #define HAVE_STRING_H 1
| #define HAVE_MEMORY_H 1
| #define HAVE_STRINGS_H 1
| #define HAVE_INTTYPES_H 1
| #define HAVE_STDINT_H 1
| #define HAVE_UNISTD_H 1
| #define __EXTENSIONS__ 1
| #define _ALL_SOURCE 1
| #define _GNU_SOURCE 1
| #define _POSIX_PTHREAD_SEMANTICS 1
| #define _TANDEM_SOURCE 1
| #define STDC_HEADERS 1
| #define HAVE_STRING_H 1
| #define HAVE_UNISTD_H 1
| #define HAVE_LANGINFO_H 1
| #define HAVE_LOCALE_H 1
| #define HAVE_UTIME_H 1
| #define HAVE_WCHAR_H 1
| #define HAVE_SETEUID 1
| #define HAVE_STPCPY 1
| #define HAVE_MMAP 1
| #define HAVE_MLOCK 1
| #define FALLBACK_CURSES 1
| #define PINENTRY_CURSES 1
| /* end confdefs.h.  */
| #include <stdlib.h>
| #include <iconv.h>
| int
| main ()
| {
| iconv_t cd = iconv_open("","");
|        iconv(cd,NULL,NULL,NULL,NULL);
|        iconv_close(cd);
|   ;
|   return 0;
| }
configure:8454: gcc -o conftest -g -O2 -Wall -Wcast-align -Wshadow -Wstrict-prototypes -Wno-pointer-sign  -Wall  conftest.c  -liconv >&5
configure:8454: $? = 0
configure:8464: result: yes
configure:8472: checking how to link with libiconv
configure:8474: result: -liconv
configure:8485: checking for iconv declaration
configure:8514: gcc -c -g -O2 -Wall -Wcast-align -Wshadow -Wstrict-prototypes -Wno-pointer-sign  -Wall conftest.c >&5
configure:8514: $? = 0
configure:8525: result: 
         extern size_t iconv (iconv_t cd, char * *inbuf, size_t *inbytesleft, char * *outbuf, size_t *outbytesleft);
configure:8557: checking for pkg-config
configure:8575: found /usr/local/bin/pkg-config
configure:8588: result: /usr/local/bin/pkg-config
configure:8602: checking for gtk+-2
configure:8606: result: no
configure:8608: WARNING: pkg-config could not find the module gtk+-2.0
configure:8765: checking for C++ compiler version
configure:8774: g++ --version >&5
Apple LLVM version 5.1 (clang-503.0.40) (based on LLVM 3.4svn)
Target: x86_64-apple-darwin13.2.0
Thread model: posix
Configured with: --prefix=/Applications/Xcode.app/Contents/Developer/usr --with-gxx-include-dir=/usr/include/c++/4.2.1
configure:8785: $? = 0
configure:8774: g++ -v >&5
Configured with: --prefix=/Applications/Xcode.app/Contents/Developer/usr --with-gxx-include-dir=/usr/include/c++/4.2.1
Apple LLVM version 5.1 (clang-503.0.40) (based on LLVM 3.4svn)
Target: x86_64-apple-darwin13.2.0
Thread model: posix
configure:8785: $? = 0
configure:8774: g++ -V >&5
clang: error: argument to '-V' is missing (expected 1 value)
clang: error: no input files
configure:8785: $? = 1
configure:8774: g++ -qversion >&5
clang: error: unknown argument: '-qversion' [-Wunused-command-line-argument-hard-error-in-future]
clang: note: this will be a hard error (cannot be downgraded to a warning) in the future
clang: error: no input files
configure:8785: $? = 1
configure:8789: checking whether we are using the GNU C++ compiler
configure:8817: result: yes
configure:8826: checking whether g++ accepts -g
configure:8887: result: yes
configure:8912: checking dependency style of g++
configure:9023: result: gcc3
configure:9040: checking whether g++ supports -fexceptions
configure:9066: g++ -o conftest -g -O2 -fexceptions  -Wall  conftest.cpp  >&5
configure:9066: $? = 0
configure:9082: result: yes
configure:9194: checking how to run the C++ preprocessor
configure:9221: g++ -E  -Wall conftest.cpp
configure:9221: $? = 0
configure:9235: g++ -E  -Wall conftest.cpp
conftest.cpp:41:10: fatal error: 'ac_nonexistent.h' file not found
#include <ac_nonexistent.h>
         ^
1 error generated.
configure:9235: $? = 1
configure: failed program was:
| /* confdefs.h */
| #define PACKAGE_NAME "pinentry"
| #define PACKAGE_TARNAME "pinentry"
| #define PACKAGE_VERSION "0.8.3"
| #define PACKAGE_STRING "pinentry 0.8.3"
| #define PACKAGE_BUGREPORT "http://bugs.gnupg.org"
| #define PACKAGE_URL ""
| #define PACKAGE "pinentry"
| #define VERSION "0.8.3"
| #define STDC_HEADERS 1
| #define HAVE_SYS_TYPES_H 1
| #define HAVE_SYS_STAT_H 1
| #define HAVE_STDLIB_H 1
| #define HAVE_STRING_H 1
| #define HAVE_MEMORY_H 1
| #define HAVE_STRINGS_H 1
| #define HAVE_INTTYPES_H 1
| #define HAVE_STDINT_H 1
| #define HAVE_UNISTD_H 1
| #define __EXTENSIONS__ 1
| #define _ALL_SOURCE 1
| #define _GNU_SOURCE 1
| #define _POSIX_PTHREAD_SEMANTICS 1
| #define _TANDEM_SOURCE 1
| #define STDC_HEADERS 1
| #define HAVE_STRING_H 1
| #define HAVE_UNISTD_H 1
| #define HAVE_LANGINFO_H 1
| #define HAVE_LOCALE_H 1
| #define HAVE_UTIME_H 1
| #define HAVE_WCHAR_H 1
| #define HAVE_SETEUID 1
| #define HAVE_STPCPY 1
| #define HAVE_MMAP 1
| #define HAVE_MLOCK 1
| #define FALLBACK_CURSES 1
| #define PINENTRY_CURSES 1
| #define HAVE_ICONV 1
| #define ICONV_CONST 
| /* end confdefs.h.  */
| #include <ac_nonexistent.h>
configure:9260: result: g++ -E
configure:9280: g++ -E  -Wall conftest.cpp
configure:9280: $? = 0
configure:9294: g++ -E  -Wall conftest.cpp
conftest.cpp:41:10: fatal error: 'ac_nonexistent.h' file not found
#include <ac_nonexistent.h>
         ^
1 error generated.
configure:9294: $? = 1
configure: failed program was:
| /* confdefs.h */
| #define PACKAGE_NAME "pinentry"
| #define PACKAGE_TARNAME "pinentry"
| #define PACKAGE_VERSION "0.8.3"
| #define PACKAGE_STRING "pinentry 0.8.3"
| #define PACKAGE_BUGREPORT "http://bugs.gnupg.org"
| #define PACKAGE_URL ""
| #define PACKAGE "pinentry"
| #define VERSION "0.8.3"
| #define STDC_HEADERS 1
| #define HAVE_SYS_TYPES_H 1
| #define HAVE_SYS_STAT_H 1
| #define HAVE_STDLIB_H 1
| #define HAVE_STRING_H 1
| #define HAVE_MEMORY_H 1
| #define HAVE_STRINGS_H 1
| #define HAVE_INTTYPES_H 1
| #define HAVE_STDINT_H 1
| #define HAVE_UNISTD_H 1
| #define __EXTENSIONS__ 1
| #define _ALL_SOURCE 1
| #define _GNU_SOURCE 1
| #define _POSIX_PTHREAD_SEMANTICS 1
| #define _TANDEM_SOURCE 1
| #define STDC_HEADERS 1
| #define HAVE_STRING_H 1
| #define HAVE_UNISTD_H 1
| #define HAVE_LANGINFO_H 1
| #define HAVE_LOCALE_H 1
| #define HAVE_UTIME_H 1
| #define HAVE_WCHAR_H 1
| #define HAVE_SETEUID 1
| #define HAVE_STPCPY 1
| #define HAVE_MMAP 1
| #define HAVE_MLOCK 1
| #define FALLBACK_CURSES 1
| #define PINENTRY_CURSES 1
| #define HAVE_ICONV 1
| #define ICONV_CONST 
| /* end confdefs.h.  */
| #include <ac_nonexistent.h>
configure:9343: checking for X
configure:9451: gcc -E  -Wall conftest.c
conftest.c:41:10: fatal error: 'X11/Xlib.h' file not found
#include <X11/Xlib.h>
         ^
1 error generated.
configure:9451: $? = 1
configure: failed program was:
| /* confdefs.h */
| #define PACKAGE_NAME "pinentry"
| #define PACKAGE_TARNAME "pinentry"
| #define PACKAGE_VERSION "0.8.3"
| #define PACKAGE_STRING "pinentry 0.8.3"
| #define PACKAGE_BUGREPORT "http://bugs.gnupg.org"
| #define PACKAGE_URL ""
| #define PACKAGE "pinentry"
| #define VERSION "0.8.3"
| #define STDC_HEADERS 1
| #define HAVE_SYS_TYPES_H 1
| #define HAVE_SYS_STAT_H 1
| #define HAVE_STDLIB_H 1
| #define HAVE_STRING_H 1
| #define HAVE_MEMORY_H 1
| #define HAVE_STRINGS_H 1
| #define HAVE_INTTYPES_H 1
| #define HAVE_STDINT_H 1
| #define HAVE_UNISTD_H 1
| #define __EXTENSIONS__ 1
| #define _ALL_SOURCE 1
| #define _GNU_SOURCE 1
| #define _POSIX_PTHREAD_SEMANTICS 1
| #define _TANDEM_SOURCE 1
| #define STDC_HEADERS 1
| #define HAVE_STRING_H 1
| #define HAVE_UNISTD_H 1
| #define HAVE_LANGINFO_H 1
| #define HAVE_LOCALE_H 1
| #define HAVE_UTIME_H 1
| #define HAVE_WCHAR_H 1
| #define HAVE_SETEUID 1
| #define HAVE_STPCPY 1
| #define HAVE_MMAP 1
| #define HAVE_MLOCK 1
| #define FALLBACK_CURSES 1
| #define PINENTRY_CURSES 1
| #define HAVE_ICONV 1
| #define ICONV_CONST 
| /* end confdefs.h.  */
| #include <X11/Xlib.h>
configure:9482: gcc -o conftest -g -O2 -Wall -Wcast-align -Wshadow -Wstrict-prototypes -Wno-pointer-sign  -Wall  conftest.c -lX11  >&5
conftest.c:41:10: fatal error: 'X11/Xlib.h' file not found
#include <X11/Xlib.h>
         ^
1 error generated.
configure:9482: $? = 1
configure: failed program was:
| /* confdefs.h */
| #define PACKAGE_NAME "pinentry"
| #define PACKAGE_TARNAME "pinentry"
| #define PACKAGE_VERSION "0.8.3"
| #define PACKAGE_STRING "pinentry 0.8.3"
| #define PACKAGE_BUGREPORT "http://bugs.gnupg.org"
| #define PACKAGE_URL ""
| #define PACKAGE "pinentry"
| #define VERSION "0.8.3"
| #define STDC_HEADERS 1
| #define HAVE_SYS_TYPES_H 1
| #define HAVE_SYS_STAT_H 1
| #define HAVE_STDLIB_H 1
| #define HAVE_STRING_H 1
| #define HAVE_MEMORY_H 1
| #define HAVE_STRINGS_H 1
| #define HAVE_INTTYPES_H 1
| #define HAVE_STDINT_H 1
| #define HAVE_UNISTD_H 1
| #define __EXTENSIONS__ 1
| #define _ALL_SOURCE 1
| #define _GNU_SOURCE 1
| #define _POSIX_PTHREAD_SEMANTICS 1
| #define _TANDEM_SOURCE 1
| #define STDC_HEADERS 1
| #define HAVE_STRING_H 1
| #define HAVE_UNISTD_H 1
| #define HAVE_LANGINFO_H 1
| #define HAVE_LOCALE_H 1
| #define HAVE_UTIME_H 1
| #define HAVE_WCHAR_H 1
| #define HAVE_SETEUID 1
| #define HAVE_STPCPY 1
| #define HAVE_MMAP 1
| #define HAVE_MLOCK 1
| #define FALLBACK_CURSES 1
| #define PINENTRY_CURSES 1
| #define HAVE_ICONV 1
| #define ICONV_CONST 
| /* end confdefs.h.  */
| #include <X11/Xlib.h>
| int
| main ()
| {
| XrmInitialize ()
|   ;
|   return 0;
| }
configure:9532: result: libraries /usr/X11/lib, headers /usr/X11/include
configure:9552: checking whether -R must be followed by a space
configure:9568: gcc -o conftest -g -O2 -Wall -Wcast-align -Wshadow -Wstrict-prototypes -Wno-pointer-sign  -Wall  conftest.c  -R/usr/X11/lib >&5
clang: error: unknown argument: '-R/usr/X11/lib' [-Wunused-command-line-argument-hard-error-in-future]
clang: note: this will be a hard error (cannot be downgraded to a warning) in the future
configure:9568: $? = 1
configure: failed program was:
| /* confdefs.h */
| #define PACKAGE_NAME "pinentry"
| #define PACKAGE_TARNAME "pinentry"
| #define PACKAGE_VERSION "0.8.3"
| #define PACKAGE_STRING "pinentry 0.8.3"
| #define PACKAGE_BUGREPORT "http://bugs.gnupg.org"
| #define PACKAGE_URL ""
| #define PACKAGE "pinentry"
| #define VERSION "0.8.3"
| #define STDC_HEADERS 1
| #define HAVE_SYS_TYPES_H 1
| #define HAVE_SYS_STAT_H 1
| #define HAVE_STDLIB_H 1
| #define HAVE_STRING_H 1
| #define HAVE_MEMORY_H 1
| #define HAVE_STRINGS_H 1
| #define HAVE_INTTYPES_H 1
| #define HAVE_STDINT_H 1
| #define HAVE_UNISTD_H 1
| #define __EXTENSIONS__ 1
| #define _ALL_SOURCE 1
| #define _GNU_SOURCE 1
| #define _POSIX_PTHREAD_SEMANTICS 1
| #define _TANDEM_SOURCE 1
| #define STDC_HEADERS 1
| #define HAVE_STRING_H 1
| #define HAVE_UNISTD_H 1
| #define HAVE_LANGINFO_H 1
| #define HAVE_LOCALE_H 1
| #define HAVE_UTIME_H 1
| #define HAVE_WCHAR_H 1
| #define HAVE_SETEUID 1
| #define HAVE_STPCPY 1
| #define HAVE_MMAP 1
| #define HAVE_MLOCK 1
| #define FALLBACK_CURSES 1
| #define PINENTRY_CURSES 1
| #define HAVE_ICONV 1
| #define ICONV_CONST 
| /* end confdefs.h.  */
| 
| int
| main ()
| {
| 
|   ;
|   return 0;
| }
configure:9585: gcc -o conftest -g -O2 -Wall -Wcast-align -Wshadow -Wstrict-prototypes -Wno-pointer-sign  -Wall  conftest.c  -R /usr/X11/lib >&5
clang: warning: argument unused during compilation: '-R'
ld: can't map file, errno=22 file '/usr/X11/lib' for architecture x86_64
clang: error: linker command failed with exit code 1 (use -v to see invocation)
configure:9585: $? = 1
configure: failed program was:
| /* confdefs.h */
| #define PACKAGE_NAME "pinentry"
| #define PACKAGE_TARNAME "pinentry"
| #define PACKAGE_VERSION "0.8.3"
| #define PACKAGE_STRING "pinentry 0.8.3"
| #define PACKAGE_BUGREPORT "http://bugs.gnupg.org"
| #define PACKAGE_URL ""
| #define PACKAGE "pinentry"
| #define VERSION "0.8.3"
| #define STDC_HEADERS 1
| #define HAVE_SYS_TYPES_H 1
| #define HAVE_SYS_STAT_H 1
| #define HAVE_STDLIB_H 1
| #define HAVE_STRING_H 1
| #define HAVE_MEMORY_H 1
| #define HAVE_STRINGS_H 1
| #define HAVE_INTTYPES_H 1
| #define HAVE_STDINT_H 1
| #define HAVE_UNISTD_H 1
| #define __EXTENSIONS__ 1
| #define _ALL_SOURCE 1
| #define _GNU_SOURCE 1
| #define _POSIX_PTHREAD_SEMANTICS 1
| #define _TANDEM_SOURCE 1
| #define STDC_HEADERS 1
| #define HAVE_STRING_H 1
| #define HAVE_UNISTD_H 1
| #define HAVE_LANGINFO_H 1
| #define HAVE_LOCALE_H 1
| #define HAVE_UTIME_H 1
| #define HAVE_WCHAR_H 1
| #define HAVE_SETEUID 1
| #define HAVE_STPCPY 1
| #define HAVE_MMAP 1
| #define HAVE_MLOCK 1
| #define FALLBACK_CURSES 1
| #define PINENTRY_CURSES 1
| #define HAVE_ICONV 1
| #define ICONV_CONST 
| /* end confdefs.h.  */
| 
| int
| main ()
| {
| 
|   ;
|   return 0;
| }
configure:9590: result: neither works
configure:9631: gcc -o conftest -g -O2 -Wall -Wcast-align -Wshadow -Wstrict-prototypes -Wno-pointer-sign  -Wall  conftest.c   -L/usr/X11/lib -lX11 >&5
configure:9631: $? = 0
configure:9729: checking for gethostbyname
configure:9729: gcc -o conftest -g -O2 -Wall -Wcast-align -Wshadow -Wstrict-prototypes -Wno-pointer-sign  -Wall  conftest.c  >&5
configure:9729: $? = 0
configure:9729: result: yes
configure:9826: checking for connect
configure:9826: gcc -o conftest -g -O2 -Wall -Wcast-align -Wshadow -Wstrict-prototypes -Wno-pointer-sign  -Wall  conftest.c  >&5
configure:9826: $? = 0
configure:9826: result: yes
configure:9875: checking for remove
configure:9875: gcc -o conftest -g -O2 -Wall -Wcast-align -Wshadow -Wstrict-prototypes -Wno-pointer-sign  -Wall  conftest.c  >&5
configure:9875: $? = 0
configure:9875: result: yes
configure:9924: checking for shmat
configure:9924: gcc -o conftest -g -O2 -Wall -Wcast-align -Wshadow -Wstrict-prototypes -Wno-pointer-sign  -Wall  conftest.c  >&5
configure:9924: $? = 0
configure:9924: result: yes
configure:9982: checking for IceConnectionNumber in -lICE
configure:10007: gcc -o conftest -g -O2 -Wall -Wcast-align -Wshadow -Wstrict-prototypes -Wno-pointer-sign  -Wall  -L/usr/X11/lib conftest.c -lICE   >&5
configure:10007: $? = 0
configure:10016: result: yes
configure:10107: checking for pthread_create in -lpthread
configure:10132: gcc -o conftest -g -O2 -Wall -Wcast-align -Wshadow -Wstrict-prototypes -Wno-pointer-sign  -Wall  conftest.c -lpthread   >&5
configure:10132: $? = 0
configure:10141: result: yes
configure:10465: checking for Qt
configure: 10530: /usr/lib/qt3/include/qstyle.h
configure: 10530: /usr/lib/qt3/qstyle.h
configure: 10530: /usr/lib/qt/include/qstyle.h
configure: 10530: /usr/lib/qt/qstyle.h
configure: 10530: /usr/local/qt/include/qstyle.h
configure: 10530: /usr/include/qstyle.h
configure: 10530: /usr/X11R6/include/X11/qt/qstyle.h
configure: 10530: /usr/X11R6/include/qt/qstyle.h
configure: 10530: /usr/X11R6/include/qt2/qstyle.h
configure: 10530: /usr/include/qt3/qstyle.h
configure: 10530: /usr/X11/include/qstyle.h
tried NO
tried /usr/lib/qt3/lib
tried /usr/lib/qt3
tried /usr/lib/qt/lib
tried /usr/lib/qt
tried /usr/X11R6/lib
tried /usr/lib
tried /usr/local/qt/lib
tried /usr/X11/lib
configure:10637: g++ -o conftest -g -O2 -INO  -DQT_THREAD_SUPPORT  -I/usr/X11/include  -Wall  -LNONE  -L/usr/X11/lib conftest.cpp  -lqt-mt  -lSM -lICE -lXext -lX11  -lpthread >&5
conftest.cpp:2:10: fatal error: 'qglobal.h' file not found
#include <qglobal.h>
         ^
1 error generated.
configure:10640: $? = 1
configure: failed program was:
#include "confdefs.h"
#include <qglobal.h>
#include <qapplication.h>
#include <qcursor.h>
#include <qstylefactory.h>
#include <private/qucomextra_p.h>
#if ! (QT_VERSION >= 301)
#error 1
#endif

int main() {
    (void)QStyleFactory::create(QString::null);
    QCursor c(Qt::WhatsThisCursor);
    return 0;
}
configure:10692: result: no
configure:10731: checking for moc
configure:10762: result: no
configure:10790: checking for rpath
configure:10812: result: yes
configure:10980: checking pkg-config is at least version 0.9.0
configure:10983: result: yes
configure:10994: checking for QT4_CORE
configure:11002: $PKG_CONFIG --exists --print-errors "QtCore"
configure:11005: $? = 0
configure:11020: $PKG_CONFIG --exists --print-errors "QtCore"
configure:11023: $? = 0
configure:11073: result: yes
configure:11082: checking for QT4_GUI
configure:11090: $PKG_CONFIG --exists --print-errors "QtGui"
configure:11093: $? = 0
configure:11108: $PKG_CONFIG --exists --print-errors "QtGui"
configure:11111: $? = 0
configure:11161: result: yes
configure:11427: creating ./config.status

## ---------------------- ##
## Running config.status. ##
## ---------------------- ##

This file was extended by pinentry config.status 0.8.3, which was
generated by GNU Autoconf 2.69.  Invocation command line was

  CONFIG_FILES    = 
  CONFIG_HEADERS  = 
  CONFIG_LINKS    = 
  CONFIG_COMMANDS = 
  $ ./config.status 

on server.the-david.com

config.status:967: creating assuan/Makefile
config.status:967: creating secmem/Makefile
config.status:967: creating pinentry/Makefile
config.status:967: creating curses/Makefile
config.status:967: creating gtk/Makefile
config.status:967: creating gtk+-2/Makefile
config.status:967: creating qt/Makefile
config.status:967: creating qt4/Makefile
config.status:967: creating w32/Makefile
config.status:967: creating doc/Makefile
config.status:967: creating Makefile
config.status:967: creating config.h
config.status:1148: config.h is unchanged
config.status:1196: executing depfiles commands
configure:12773:

	Pinentry v0.8.3 has been configured as follows:

	Revision:  ce7f2e6  (52863)
	Platform:  x86_64-apple-darwin13.2.0

	Curses Pinentry ..: yes
	GTK+ Pinentry ....: no
	GTK+-2 Pinentry ..: no
	Qt Pinentry ......: no
	Qt4 Pinentry .....: yes
	W32 Pinentry .....: no

	Fallback to Curses: yes

	Default Pinentry .: pinentry-qt4


## ---------------- ##
## Cache variables. ##
## ---------------- ##

ac_cv_build=x86_64-apple-darwin13.2.0
ac_cv_c_compiler_gnu=yes
ac_cv_cxx_compiler_gnu=yes
ac_cv_env_CCC_set=
ac_cv_env_CCC_value=
ac_cv_env_CC_set=
ac_cv_env_CC_value=
ac_cv_env_CFLAGS_set=
ac_cv_env_CFLAGS_value=
ac_cv_env_CPPFLAGS_set=
ac_cv_env_CPPFLAGS_value=
ac_cv_env_CPP_set=
ac_cv_env_CPP_value=
ac_cv_env_CXXCPP_set=
ac_cv_env_CXXCPP_value=
ac_cv_env_CXXFLAGS_set=
ac_cv_env_CXXFLAGS_value=
ac_cv_env_CXX_set=
ac_cv_env_CXX_value=
ac_cv_env_LDFLAGS_set=
ac_cv_env_LDFLAGS_value=
ac_cv_env_LIBS_set=
ac_cv_env_LIBS_value=
ac_cv_env_PKG_CONFIG_set=
ac_cv_env_PKG_CONFIG_value=
ac_cv_env_QT4_CORE_CFLAGS_set=
ac_cv_env_QT4_CORE_CFLAGS_value=
ac_cv_env_QT4_CORE_LIBS_set=
ac_cv_env_QT4_CORE_LIBS_value=
ac_cv_env_QT4_GUI_CFLAGS_set=
ac_cv_env_QT4_GUI_CFLAGS_value=
ac_cv_env_QT4_GUI_LIBS_set=
ac_cv_env_QT4_GUI_LIBS_value=
ac_cv_env_XMKMF_set=
ac_cv_env_XMKMF_value=
ac_cv_env_build_alias_set=
ac_cv_env_build_alias_value=
ac_cv_env_host_alias_set=
ac_cv_env_host_alias_value=
ac_cv_env_target_alias_set=
ac_cv_env_target_alias_value=
ac_cv_func_connect=yes
ac_cv_func_gethostbyname=yes
ac_cv_func_mlock=yes
ac_cv_func_mmap=yes
ac_cv_func_remove=yes
ac_cv_func_seteuid=yes
ac_cv_func_shmat=yes
ac_cv_func_stpcpy=yes
ac_cv_have_qt=have_qt=no
ac_cv_have_x='have_x=yes	ac_x_includes='\''/usr/X11/include'\''	ac_x_libraries='\''/usr/X11/lib'\'''
ac_cv_header_inttypes_h=yes
ac_cv_header_langinfo_h=yes
ac_cv_header_locale_h=yes
ac_cv_header_memory_h=yes
ac_cv_header_minix_config_h=no
ac_cv_header_stdc=yes
ac_cv_header_stdint_h=yes
ac_cv_header_stdlib_h=yes
ac_cv_header_string_h=yes
ac_cv_header_strings_h=yes
ac_cv_header_sys_stat_h=yes
ac_cv_header_sys_types_h=yes
ac_cv_header_termio_h=no
ac_cv_header_unistd_h=yes
ac_cv_header_utime_h=yes
ac_cv_header_wchar_h=yes
ac_cv_host=x86_64-apple-darwin13.2.0
ac_cv_lib_ICE_IceConnectionNumber=yes
ac_cv_lib_cap_cap_set_proc=no
ac_cv_lib_ncurses_initscr=yes
ac_cv_lib_ncursesw_initscr=no
ac_cv_lib_pthread_pthread_create=yes
ac_cv_objext=o
ac_cv_path_EGREP='/usr/local/bin/ggrep -E'
ac_cv_path_GLIB_CONFIG=no
ac_cv_path_GREP=/usr/local/bin/ggrep
ac_cv_path_MOC=no
ac_cv_path_PKG_CONFIG=/usr/local/bin/pkg-config
ac_cv_path_SETCAP=:
ac_cv_path_install='/usr/local/bin/ginstall -c'
ac_cv_path_mkdir=/usr/local/bin/gmkdir
ac_cv_prog_AWK=gawk
ac_cv_prog_CPP='gcc -E'
ac_cv_prog_CXXCPP='g++ -E'
ac_cv_prog_ac_ct_CC=gcc
ac_cv_prog_ac_ct_CXX=g++
ac_cv_prog_ac_ct_RANLIB=ranlib
ac_cv_prog_cc_c89=
ac_cv_prog_cc_g=yes
ac_cv_prog_cxx_g=yes
ac_cv_prog_make_make_set=yes
ac_cv_safe_to_define___extensions__=yes
acl_cv_hardcode_direct=no
acl_cv_hardcode_libdir_flag_spec=
acl_cv_hardcode_libdir_separator=
acl_cv_hardcode_minus_L=no
acl_cv_libext=a
acl_cv_path_LD=/Applications/Xcode.app/Contents/Developer/Toolchains/XcodeDefault.xctoolchain/usr/bin/ld
acl_cv_prog_gnu_ld=no
acl_cv_rpath=done
acl_cv_shlibext=dylib
acl_cv_wl=-Wl,
am_cv_CC_dependencies_compiler_type=gcc3
am_cv_CXX_dependencies_compiler_type=gcc3
am_cv_func_iconv=yes
am_cv_lib_iconv=yes
am_cv_proto_iconv='extern size_t iconv (iconv_t cd, char * *inbuf, size_t *inbytesleft, char * *outbuf, size_t *outbytesleft);'
am_cv_proto_iconv_arg1=
gnupg_cv_have_broken_mlock=no
gnupg_cv_typedef_byte=no
gnupg_cv_typedef_ulong=no
inetutils_cv_includedir_ncurses=none
kde_cv_prog_cxx_fexceptions=yes
pkg_cv_QT4_CORE_CFLAGS='-DQT_SHARED -I/usr/local/Cellar/qt/4.8.6/include -I/usr/local/Cellar/qt/4.8.6/include/QtCore '
pkg_cv_QT4_CORE_LIBS='-F/usr/local/Cellar/qt/4.8.6/lib -framework QtCore '
pkg_cv_QT4_GUI_CFLAGS='-DQT_SHARED -I/usr/local/Cellar/qt/4.8.6/include -I/usr/local/Cellar/qt/4.8.6/include/QtGui -I/usr/local/Cellar/qt/4.8.6/include -I/usr/local/Cellar/qt/4.8.6/include/QtCore '
pkg_cv_QT4_GUI_LIBS='-F/usr/local/Cellar/qt/4.8.6/lib -framework QtGui -F/usr/local/Cellar/qt/4.8.6/lib -framework QtCore '

## ----------------- ##
## Output variables. ##
## ----------------- ##

ACLOCAL='${SHELL} /Users/David/GitHub/pinentry-mac/pinentry-current/missing --run aclocal-1.11'
AMDEPBACKSLASH='\'
AMDEP_FALSE='#'
AMDEP_TRUE=''
AMTAR='$${TAR-tar}'
AUTOCONF='${SHELL} /Users/David/GitHub/pinentry-mac/pinentry-current/missing --run autoconf'
AUTOHEADER='${SHELL} /Users/David/GitHub/pinentry-mac/pinentry-current/missing --run autoheader'
AUTOMAKE='${SHELL} /Users/David/GitHub/pinentry-mac/pinentry-current/missing --run automake-1.11'
AWK='gawk'
BUILD_LIBPINENTRY_CURSES_FALSE='#'
BUILD_LIBPINENTRY_CURSES_TRUE=''
BUILD_PINENTRY_CURSES_FALSE='#'
BUILD_PINENTRY_CURSES_TRUE=''
BUILD_PINENTRY_GTK_2_FALSE=''
BUILD_PINENTRY_GTK_2_TRUE='#'
BUILD_PINENTRY_GTK_FALSE=''
BUILD_PINENTRY_GTK_TRUE='#'
BUILD_PINENTRY_QT4_FALSE='#'
BUILD_PINENTRY_QT4_TRUE=''
BUILD_PINENTRY_QT_FALSE=''
BUILD_PINENTRY_QT_TRUE='#'
BUILD_PINENTRY_W32_FALSE=''
BUILD_PINENTRY_W32_TRUE='#'
CC='gcc'
CCDEPMODE='depmode=gcc3'
CFLAGS='-g -O2 -Wall -Wcast-align -Wshadow -Wstrict-prototypes -Wno-pointer-sign'
CPP='gcc -E'
CPPFLAGS=' -Wall'
CXX='g++'
CXXCPP='g++ -E'
CXXDEPMODE='depmode=gcc3'
CXXFLAGS='-g -O2'
CYGPATH_W='echo'
DEFS='-DHAVE_CONFIG_H'
DEPDIR='.deps'
ECHO_C='\c'
ECHO_N=''
ECHO_T=''
EGREP='/usr/local/bin/ggrep -E'
EXEEXT=''
FALLBACK_CURSES_FALSE='#'
FALLBACK_CURSES_TRUE=''
GITLOG_TO_CHANGELOG='build-aux/gitlog-to-changelog'
GLIB_CFLAGS=''
GLIB_CONFIG='no'
GLIB_LIBS=''
GREP='/usr/local/bin/ggrep'
GTK2CFLAGS=''
GTK2LIBS=''
GTK_CFLAGS=''
GTK_CONFIG=''
GTK_LIBS=''
HAVE_DOSISH_SYSTEM_FALSE=''
HAVE_DOSISH_SYSTEM_TRUE='#'
HAVE_W32CE_SYSTEM_FALSE=''
HAVE_W32CE_SYSTEM_TRUE='#'
HAVE_W32_SYSTEM_FALSE=''
HAVE_W32_SYSTEM_TRUE='#'
INSTALL_DATA='${INSTALL} -m 644'
INSTALL_PROGRAM='${INSTALL}'
INSTALL_SCRIPT='${INSTALL}'
INSTALL_STRIP_PROGRAM='$(install_sh) -c -s'
LDFLAGS=''
LIBCAP=''
LIBCURSES='-lncurses'
LIBICONV='-liconv'
LIBNCURSES='-lncurses'
LIBOBJS=''
LIBPTHREAD='-lpthread'
LIBS=''
LIBTERMCAP='-lncurses'
LIB_QPE=''
LN_S='ln -s'
LTLIBICONV='-liconv'
LTLIBOBJS=''
MAINT='#'
MAINTAINER_MODE_FALSE=''
MAINTAINER_MODE_TRUE='#'
MAKEINFO='${SHELL} /Users/David/GitHub/pinentry-mac/pinentry-current/missing --run makeinfo'
MKDIR_P='/usr/local/bin/gmkdir -p'
MOC='no'
NCURSES_INCLUDE=''
OBJEXT='o'
PACKAGE='pinentry'
PACKAGE_BUGREPORT='http://bugs.gnupg.org'
PACKAGE_NAME='pinentry'
PACKAGE_STRING='pinentry 0.8.3'
PACKAGE_TARNAME='pinentry'
PACKAGE_URL=''
PACKAGE_VERSION='0.8.3'
PATH_SEPARATOR=':'
PINENTRY_DEFAULT='pinentry-qt4'
PKG_CONFIG='/usr/local/bin/pkg-config'
QT4_CORE_CFLAGS='-DQT_SHARED -I/usr/local/Cellar/qt/4.8.6/include -I/usr/local/Cellar/qt/4.8.6/include/QtCore '
QT4_CORE_LIBS='-F/usr/local/Cellar/qt/4.8.6/lib -framework QtCore '
QT4_GUI_CFLAGS='-DQT_SHARED -I/usr/local/Cellar/qt/4.8.6/include -I/usr/local/Cellar/qt/4.8.6/include/QtGui -I/usr/local/Cellar/qt/4.8.6/include -I/usr/local/Cellar/qt/4.8.6/include/QtCore '
QT4_GUI_LIBS='-F/usr/local/Cellar/qt/4.8.6/lib -framework QtGui -F/usr/local/Cellar/qt/4.8.6/lib -framework QtCore '
QTE_NORTTI=''
QT_CXXFLAGS=' -DQT_THREAD_SUPPORT  -I/usr/X11/include'
QT_INCLUDES=''
QT_LDFLAGS=' -L/usr/X11/lib'
QT_LIBS='-lqt-mt  -lSM -lICE -lXext -lX11  -lpthread'
QT_MT_LDFLAGS=''
QT_MT_LIBS='-lpthread'
QT_RPATH=' -Wl,--rpath -Wl,$(x_libraries)'
RANLIB='ranlib'
SETCAP=':'
SET_MAKE=''
SHELL='/bin/sh'
STRIP=''
USE_THREADS=''
VERSION='0.8.3'
WINDRES=':'
XMKMF=''
X_CFLAGS=' -I/usr/X11/include'
X_EXTRA_LIBS=''
X_LIBS=' -L/usr/X11/lib'
X_PRE_LIBS=' -lSM -lICE'
ac_ct_CC='gcc'
ac_ct_CXX='g++'
am__EXEEXT_FALSE=''
am__EXEEXT_TRUE='#'
am__fastdepCC_FALSE='#'
am__fastdepCC_TRUE=''
am__fastdepCXX_FALSE='#'
am__fastdepCXX_TRUE=''
am__include='include'
am__isrc=''
am__leading_dot='.'
am__nodep='_no'
am__quote=''
am__tar='$${TAR-tar} chof - "$$tardir"'
am__untar='$${TAR-tar} xf -'
bindir='${exec_prefix}/bin'
build='x86_64-apple-darwin13.2.0'
build_alias=''
build_cpu='x86_64'
build_os='darwin13.2.0'
build_vendor='apple'
datadir='${datarootdir}'
datarootdir='${prefix}/share'
docdir='${datarootdir}/doc/${PACKAGE_TARNAME}'
dvidir='${docdir}'
exec_prefix='${prefix}'
host='x86_64-apple-darwin13.2.0'
host_alias=''
host_cpu='x86_64'
host_os='darwin13.2.0'
host_vendor='apple'
htmldir='${docdir}'
includedir='${prefix}/include'
infodir='${datarootdir}/info'
install_sh='${SHELL} /Users/David/GitHub/pinentry-mac/pinentry-current/install-sh'
libdir='${exec_prefix}/lib'
libexecdir='${exec_prefix}/libexec'
localedir='${datarootdir}/locale'
localstatedir='${prefix}/var'
mandir='${datarootdir}/man'
mkdir_p='/usr/local/bin/gmkdir -p'
oldincludedir='/usr/include'
pdfdir='${docdir}'
prefix='/usr/local'
program_transform_name='s,x,x,'
psdir='${docdir}'
qt_includes=''
qt_libraries=''
sbindir='${exec_prefix}/sbin'
sharedstatedir='${prefix}/com'
sysconfdir='${prefix}/etc'
target_alias=''
x_libraries='/usr/X11/lib'

## ----------- ##
## confdefs.h. ##
## ----------- ##

/* confdefs.h */
#define PACKAGE_NAME "pinentry"
#define PACKAGE_TARNAME "pinentry"
#define PACKAGE_VERSION "0.8.3"
#define PACKAGE_STRING "pinentry 0.8.3"
#define PACKAGE_BUGREPORT "http://bugs.gnupg.org"
#define PACKAGE_URL ""
#define PACKAGE "pinentry"
#define VERSION "0.8.3"
#define STDC_HEADERS 1
#define HAVE_SYS_TYPES_H 1
#define HAVE_SYS_STAT_H 1
#define HAVE_STDLIB_H 1
#define HAVE_STRING_H 1
#define HAVE_MEMORY_H 1
#define HAVE_STRINGS_H 1
#define HAVE_INTTYPES_H 1
#define HAVE_STDINT_H 1
#define HAVE_UNISTD_H 1
#define __EXTENSIONS__ 1
#define _ALL_SOURCE 1
#define _GNU_SOURCE 1
#define _POSIX_PTHREAD_SEMANTICS 1
#define _TANDEM_SOURCE 1
#define STDC_HEADERS 1
#define HAVE_STRING_H 1
#define HAVE_UNISTD_H 1
#define HAVE_LANGINFO_H 1
#define HAVE_LOCALE_H 1
#define HAVE_UTIME_H 1
#define HAVE_WCHAR_H 1
#define HAVE_SETEUID 1
#define HAVE_STPCPY 1
#define HAVE_MMAP 1
#define HAVE_MLOCK 1
#define FALLBACK_CURSES 1
#define PINENTRY_CURSES 1
#define HAVE_ICONV 1
#define ICONV_CONST 
#define HAVE_LIBPTHREAD 1
#define PINENTRY_QT4 1

configure: exit 0
